# JRE version: Java(TM) SE Runtime Environment (8.0_191-b12) (build 1.8.0_191-b12)
# Java VM: Java HotSpot(TM) Client VM (25.191-b12 mixed mode windows-x86 )
Heap:
 def new generation   total 99200K, used 44529K [0x04600000, 0x0b1a0000, 0x0f0a0000)
  eden space 88192K,  38% used [0x04600000, 0x066bc718, 0x09c20000)
  from space 11008K, 100% used [0x0a6e0000, 0x0b1a0000, 0x0b1a0000)
  to   space 11008K,   0% used [0x09c20000, 0x09c20000, 0x0a6e0000)
 tenured generation   total 220260K, used 175142K [0x0f0a0000, 0x1c7b9000, 0x24600000)
   the space 220260K,  79% used [0x0f0a0000, 0x19ba9930, 0x19ba9a00, 0x1c7b9000)
 Metaspace       used 19353K, capacity 19869K, committed 19968K, reserved 20864K
GC Heap History (10 events):
Event: 24.328 GC heap before
{Heap before GC invocations=11 (full 1):
 def new generation   total 64000K, used 58227K [0x04600000, 0x08b70000, 0x0f0a0000)
  eden space 56896K, 100% used [0x04600000, 0x07d90000, 0x07d90000)
  from space 7104K,  18% used [0x08480000, 0x085cce58, 0x08b70000)
  to   space 7104K,   0% used [0x07d90000, 0x07d90000, 0x08480000)
 tenured generation   total 142172K, used 85301K [0x0f0a0000, 0x17b77000, 0x24600000)
   the space 142172K,  59% used [0x0f0a0000, 0x143ed7c0, 0x143ed800, 0x17b77000)
 Metaspace       used 13001K, capacity 13371K, committed 13440K, reserved 13696K
Event: 24.347 GC heap after
Heap after GC invocations=12 (full 1):
 def new generation   total 64000K, used 3866K [0x04600000, 0x08b70000, 0x0f0a0000)
  eden space 56896K,   0% used [0x04600000, 0x04600000, 0x07d90000)
  from space 7104K,  54% used [0x07d90000, 0x081569d8, 0x08480000)
  to   space 7104K,   0% used [0x08480000, 0x08480000, 0x08b70000)
 tenured generation   total 142172K, used 85301K [0x0f0a0000, 0x17b77000, 0x24600000)
   the space 142172K,  59% used [0x0f0a0000, 0x143ed7c0, 0x143ed800, 0x17b77000)
 Metaspace       used 13001K, capacity 13371K, committed 13440K, reserved 13696K
}
Event: 86.090 GC heap before
{Heap before GC invocations=12 (full 1):
 def new generation   total 64000K, used 60762K [0x04600000, 0x08b70000, 0x0f0a0000)
  eden space 56896K, 100% used [0x04600000, 0x07d90000, 0x07d90000)
  from space 7104K,  54% used [0x07d90000, 0x081569d8, 0x08480000)
  to   space 7104K,   0% used [0x08480000, 0x08480000, 0x08b70000)
 tenured generation   total 142172K, used 85301K [0x0f0a0000, 0x17b77000, 0x24600000)
   the space 142172K,  59% used [0x0f0a0000, 0x143ed7c0, 0x143ed800, 0x17b77000)
 Metaspace       used 18680K, capacity 19186K, committed 19200K, reserved 19840K
Event: 86.123 GC heap after
Heap after GC invocations=13 (full 1):
 def new generation   total 64000K, used 7104K [0x04600000, 0x08b70000, 0x0f0a0000)
  eden space 56896K,   0% used [0x04600000, 0x04600000, 0x07d90000)
  from space 7104K, 100% used [0x08480000, 0x08b70000, 0x08b70000)
  to   space 7104K,   0% used [0x07d90000, 0x07d90000, 0x08480000)
 tenured generation   total 142172K, used 92984K [0x0f0a0000, 0x17b77000, 0x24600000)
   the space 142172K,  65% used [0x0f0a0000, 0x14b6e088, 0x14b6e200, 0x17b77000)
 Metaspace       used 18680K, capacity 19186K, committed 19200K, reserved 19840K
}
Event: 88.292 GC heap before
{Heap before GC invocations=13 (full 1):
 def new generation   total 64000K, used 63747K [0x04600000, 0x08b70000, 0x0f0a0000)
  eden space 56896K,  99% used [0x04600000, 0x07d50c88, 0x07d90000)
  from space 7104K, 100% used [0x08480000, 0x08b70000, 0x08b70000)
  to   space 7104K,   0% used [0x07d90000, 0x07d90000, 0x08480000)
 tenured generation   total 142172K, used 92984K [0x0f0a0000, 0x17b77000, 0x24600000)
   the space 142172K,  65% used [0x0f0a0000, 0x14b6e088, 0x14b6e200, 0x17b77000)
 Metaspace       used 18769K, capacity 19283K, committed 19328K, reserved 19840K
Event: 88.329 GC heap after
Heap after GC invocations=14 (full 1):
 def new generation   total 64000K, used 394K [0x04600000, 0x08b70000, 0x0f0a0000)
  eden space 56896K,   0% used [0x04600000, 0x04600000, 0x07d90000)
  from space 7104K,   5% used [0x07d90000, 0x07df2810, 0x08480000)
  to   space 7104K,   0% used [0x08480000, 0x08480000, 0x08b70000)
 tenured generation   total 142172K, used 116115K [0x0f0a0000, 0x17b77000, 0x24600000)
   the space 142172K,  81% used [0x0f0a0000, 0x16204ca8, 0x16204e00, 0x17b77000)
 Metaspace       used 18769K, capacity 19283K, committed 19328K, reserved 19840K
}
Event: 88.363 GC heap before
{Heap before GC invocations=14 (full 1):
 def new generation   total 64000K, used 32490K [0x04600000, 0x08b70000, 0x0f0a0000)
  eden space 56896K,  56% used [0x04600000, 0x06558010, 0x07d90000)
  from space 7104K,   5% used [0x07d90000, 0x07df2810, 0x08480000)
  to   space 7104K,   0% used [0x08480000, 0x08480000, 0x08b70000)
 tenured generation   total 142172K, used 116115K [0x0f0a0000, 0x17b77000, 0x24600000)
   the space 142172K,  81% used [0x0f0a0000, 0x16204ca8, 0x16204e00, 0x17b77000)
 Metaspace       used 18769K, capacity 19283K, committed 19328K, reserved 19840K
Event: 88.543 GC heap after
Heap after GC invocations=15 (full 2):
 def new generation   total 99200K, used 0K [0x04600000, 0x0b1a0000, 0x0f0a0000)
  eden space 88192K,   0% used [0x04600000, 0x04600000, 0x09c20000)
  from space 11008K,   0% used [0x09c20000, 0x09c20000, 0x0a6e0000)
  to   space 11008K,   0% used [0x0a6e0000, 0x0a6e0000, 0x0b1a0000)
 tenured generation   total 220260K, used 132153K [0x0f0a0000, 0x1c7b9000, 0x24600000)
   the space 220260K,  59% used [0x0f0a0000, 0x171ae7e0, 0x171ae800, 0x1c7b9000)
 Metaspace       used 18738K, capacity 19233K, committed 19328K, reserved 19840K
}
Event: 89.297 GC heap before
{Heap before GC invocations=15 (full 2):
 def new generation   total 99200K, used 88192K [0x04600000, 0x0b1a0000, 0x0f0a0000)
  eden space 88192K, 100% used [0x04600000, 0x09c20000, 0x09c20000)
  from space 11008K,   0% used [0x09c20000, 0x09c20000, 0x0a6e0000)
  to   space 11008K,   0% used [0x0a6e0000, 0x0a6e0000, 0x0b1a0000)
 tenured generation   total 220260K, used 132153K [0x0f0a0000, 0x1c7b9000, 0x24600000)
   the space 220260K,  59% used [0x0f0a0000, 0x171ae7e0, 0x171ae800, 0x1c7b9000)
 Metaspace       used 18744K, capacity 19240K, committed 19328K, reserved 19840K
Event: 89.437 GC heap after
Heap after GC invocations=16 (full 2):
 def new generation   total 99200K, used 11008K [0x04600000, 0x0b1a0000, 0x0f0a0000)
  eden space 88192K,   0% used [0x04600000, 0x04600000, 0x09c20000)
  from space 11008K, 100% used [0x0a6e0000, 0x0b1a0000, 0x0b1a0000)
  to   space 11008K,   0% used [0x09c20000, 0x09c20000, 0x0a6e0000)
 tenured generation   total 220260K, used 175142K [0x0f0a0000, 0x1c7b9000, 0x24600000)
   the space 220260K,  79% used [0x0f0a0000, 0x19ba9930, 0x19ba9a00, 0x1c7b9000)
 Metaspace       used 18744K, capacity 19240K, committed 19328K, reserved 19840K
}

